\BOOKMARK [0][-]{chapter.1}{第1章  绪论}{}% 1
\BOOKMARK [1][-]{section.1.1}{1.1 航空图像增强概述}{chapter.1}% 2
\BOOKMARK [1][-]{section.1.2}{1.2 航空图像}{chapter.1}% 3
\BOOKMARK [2][-]{subsection.1.2.1}{1.2.1 航空图像特点}{section.1.2}% 4
\BOOKMARK [2][-]{subsection.1.2.2}{1.2.2 图像增强的意义}{section.1.2}% 5
\BOOKMARK [1][-]{section.1.3}{1.3 本文主要内容与结构}{chapter.1}% 6
\BOOKMARK [0][-]{chapter.2}{第2章  常用的图像增强方法}{}% 7
\BOOKMARK [1][-]{section.2.1}{2.1 直方图均衡}{chapter.2}% 8
\BOOKMARK [2][-]{subsection.2.1.1}{2.1.1 直方图均衡增强算法理论}{section.2.1}% 9
\BOOKMARK [2][-]{subsection.2.1.2}{2.1.2 直方图均衡增强算法实现}{section.2.1}% 10
\BOOKMARK [1][-]{section.2.2}{2.2 Retinex增强算法}{chapter.2}% 11
\BOOKMARK [2][-]{subsection.2.2.1}{2.2.1 颜色视觉理论和人眼视觉特性}{section.2.2}% 12
\BOOKMARK [2][-]{subsection.2.2.2}{2.2.2 单尺度Retinex}{section.2.2}% 13
\BOOKMARK [0][-]{chapter.3}{第3章  DWT-SVD增强算法}{}% 14
\BOOKMARK [1][-]{section.3.1}{3.1 奇异值分解算法}{chapter.3}% 15
\BOOKMARK [2][-]{subsection.3.1.1}{3.1.1 奇异值分解的数学表达}{section.3.1}% 16
\BOOKMARK [1][-]{section.3.2}{3.2 小波变换理论}{chapter.3}% 17
\BOOKMARK [2][-]{subsection.3.2.1}{3.2.1 离散小波变换}{section.3.2}% 18
\BOOKMARK [1][-]{section.3.3}{3.3 DWT-SVD算法}{chapter.3}% 19
\BOOKMARK [0][-]{chapter.4}{第4章  实验结果及指标分析}{}% 20
\BOOKMARK [1][-]{section.4.1}{4.1 图像评价的客观指标}{chapter.4}% 21
\BOOKMARK [2][-]{subsection.4.1.1}{4.1.1 灰度均值}{section.4.1}% 22
\BOOKMARK [2][-]{subsection.4.1.2}{4.1.2 灰度标准差}{section.4.1}% 23
\BOOKMARK [2][-]{subsection.4.1.3}{4.1.3 图像信息熵}{section.4.1}% 24
\BOOKMARK [1][-]{section.4.2}{4.2 实验结果}{chapter.4}% 25
\BOOKMARK [2][-]{subsection.4.2.1}{4.2.1 第一组实验}{section.4.2}% 26
\BOOKMARK [2][-]{subsection.4.2.2}{4.2.2 第二组实验}{section.4.2}% 27
\BOOKMARK [0][-]{chapter.5}{第5章  结论}{}% 28
\BOOKMARK [0][-]{appendix.A}{附录 A  中国科学院大学学位论文撰写要求}{}% 29
\BOOKMARK [1][-]{section.A.1}{A.1 论文无附录者无需附录部分}{appendix.A}% 30
\BOOKMARK [1][-]{section.A.2}{A.2 测试公式编号}{appendix.A}% 31
\BOOKMARK [1][-]{section.A.3}{A.3 测试生僻字}{appendix.A}% 32
\BOOKMARK [0][-]{section*.23}{参考文献}{}% 33
\BOOKMARK [0][-]{appendix*.25}{作者简历及攻读学位期间发表的学术论文与研究成果}{}% 34
\BOOKMARK [0][-]{appendix*.32}{致谢}{}% 35
